# JRE version: OpenJDK Runtime Environment (11.0.8+10) (build 11.0.8+10-b944.6916264)
# Java VM: OpenJDK 64-Bit Server VM (11.0.8+10-b944.6916264, mixed mode, tiered, compressed oops, g1 gc, bsd-amd64)
Heap:
 garbage-first heap   total 131072K, used 59775K [0x0000000780000000, 0x0000000800000000)
  region size 1024K, 35 young (35840K), 2 survivors (2048K)
 Metaspace       used 27086K, capacity 27828K, committed 28032K, reserved 1073152K
  class space    used 3582K, capacity 3853K, committed 3968K, reserved 1048576K
GC Heap History (12 events):
Event: 1.339 GC heap before
{Heap before GC invocations=0 (full 0):
 garbage-first heap   total 131072K, used 7168K [0x0000000780000000, 0x0000000800000000)
  region size 1024K, 7 young (7168K), 0 survivors (0K)
 Metaspace       used 6048K, capacity 6209K, committed 6528K, reserved 1056768K
  class space    used 533K, capacity 578K, committed 640K, reserved 1048576K
}
Event: 1.343 GC heap after
{Heap after GC invocations=1 (full 0):
 garbage-first heap   total 131072K, used 1361K [0x0000000780000000, 0x0000000800000000)
  region size 1024K, 1 young (1024K), 1 survivors (1024K)
 Metaspace       used 6048K, capacity 6209K, committed 6528K, reserved 1056768K
  class space    used 533K, capacity 578K, committed 640K, reserved 1048576K
}
Event: 10.133 GC heap before
{Heap before GC invocations=1 (full 0):
 garbage-first heap   total 131072K, used 83281K [0x0000000780000000, 0x0000000800000000)
  region size 1024K, 76 young (77824K), 1 survivors (1024K)
 Metaspace       used 17593K, capacity 17992K, committed 18176K, reserved 1064960K
  class space    used 2106K, capacity 2229K, committed 2304K, reserved 1048576K
}
Event: 10.162 GC heap after
{Heap after GC invocations=2 (full 0):
 garbage-first heap   total 131072K, used 15609K [0x0000000780000000, 0x0000000800000000)
  region size 1024K, 10 young (10240K), 10 survivors (10240K)
 Metaspace       used 17593K, capacity 17992K, committed 18176K, reserved 1064960K
  class space    used 2106K, capacity 2229K, committed 2304K, reserved 1048576K
}
Event: 10.495 GC heap before
{Heap before GC invocations=2 (full 0):
 garbage-first heap   total 131072K, used 18681K [0x0000000780000000, 0x0000000800000000)
  region size 1024K, 13 young (13312K), 10 survivors (10240K)
 Metaspace       used 18228K, capacity 18609K, committed 18816K, reserved 1064960K
  class space    used 2188K, capacity 2328K, committed 2432K, reserved 1048576K
}
Event: 10.527 GC heap after
{Heap after GC invocations=3 (full 0):
 garbage-first heap   total 131072K, used 16425K [0x0000000780000000, 0x0000000800000000)
  region size 1024K, 1 young (1024K), 1 survivors (1024K)
 Metaspace       used 18228K, capacity 18609K, committed 18816K, reserved 1064960K
  class space    used 2188K, capacity 2328K, committed 2432K, reserved 1048576K
}
Event: 11.645 GC heap before
{Heap before GC invocations=3 (full 0):
 garbage-first heap   total 131072K, used 30761K [0x0000000780000000, 0x0000000800000000)
  region size 1024K, 15 young (15360K), 1 survivors (1024K)
 Metaspace       used 20216K, capacity 20680K, committed 20864K, reserved 1067008K
  class space    used 2473K, capacity 2639K, committed 2688K, reserved 1048576K
}
Event: 11.649 GC heap after
{Heap after GC invocations=4 (full 0):
 garbage-first heap   total 131072K, used 16393K [0x0000000780000000, 0x0000000800000000)
  region size 1024K, 1 young (1024K), 1 survivors (1024K)
 Metaspace       used 20216K, capacity 20680K, committed 20864K, reserved 1067008K
  class space    used 2473K, capacity 2639K, committed 2688K, reserved 1048576K
}
Event: 11.908 GC heap before
{Heap before GC invocations=4 (full 0):
 garbage-first heap   total 131072K, used 18441K [0x0000000780000000, 0x0000000800000000)
  region size 1024K, 4 young (4096K), 1 survivors (1024K)
 Metaspace       used 20624K, capacity 21091K, committed 21248K, reserved 1067008K
  class space    used 2547K, capacity 2713K, committed 2816K, reserved 1048576K
}
Event: 11.912 GC heap after
{Heap after GC invocations=5 (full 0):
 garbage-first heap   total 131072K, used 16369K [0x0000000780000000, 0x0000000800000000)
  region size 1024K, 1 young (1024K), 1 survivors (1024K)
 Metaspace       used 20624K, capacity 21091K, committed 21248K, reserved 1067008K
  class space    used 2547K, capacity 2713K, committed 2816K, reserved 1048576K
}
Event: 15.147 GC heap before
{Heap before GC invocations=6 (full 0):
 garbage-first heap   total 131072K, used 48113K [0x0000000780000000, 0x0000000800000000)
  region size 1024K, 32 young (32768K), 1 survivors (1024K)
 Metaspace       used 24125K, capacity 24785K, committed 25216K, reserved 1071104K
  class space    used 3096K, capacity 3330K, committed 3456K, reserved 1048576K
}
Event: 15.157 GC heap after
{Heap after GC invocations=7 (full 0):
 garbage-first heap   total 131072K, used 17791K [0x0000000780000000, 0x0000000800000000)
  region size 1024K, 2 young (2048K), 2 survivors (2048K)
 Metaspace       used 24125K, capacity 24785K, committed 25216K, reserved 1071104K
  class space    used 3096K, capacity 3330K, committed 3456K, reserved 1048576K
}

